[3.579s] Invoking command in '/home/ubunturse/robot_ws/src/lidar_reader': DEBUGINFOD_URLS=https://debuginfod.ubuntu.com PYTHONPATH=/home/ubunturse/robot_ws/build/lidar_reader/prefix_override:/usr/lib/python3/dist-packages/colcon_core/task/python/colcon_distutils_commands:/home/ubunturse/robot_ws/install/lidar_reader/lib/python3.12/site-packages:${PYTHONPATH} /usr/bin/python3 -W ignore:setup.py install is deprecated -W ignore:easy_install command is deprecated setup.py egg_info --egg-base ../../build/lidar_reader build --build-base /home/ubunturse/robot_ws/build/lidar_reader/build install --record /home/ubunturse/robot_ws/build/lidar_reader/install.log --single-version-externally-managed install_data
[4.084s] running egg_info
[4.084s] creating ../../build/lidar_reader/lidar_reader.egg-info
[4.129s] writing ../../build/lidar_reader/lidar_reader.egg-info/PKG-INFO
[4.129s] writing dependency_links to ../../build/lidar_reader/lidar_reader.egg-info/dependency_links.txt
[4.129s] writing requirements to ../../build/lidar_reader/lidar_reader.egg-info/requires.txt
[4.129s] writing top-level names to ../../build/lidar_reader/lidar_reader.egg-info/top_level.txt
[4.129s] writing manifest file '../../build/lidar_reader/lidar_reader.egg-info/SOURCES.txt'
[4.307s] reading manifest file '../../build/lidar_reader/lidar_reader.egg-info/SOURCES.txt'
[4.310s] writing manifest file '../../build/lidar_reader/lidar_reader.egg-info/SOURCES.txt'
[4.311s] running build
[4.312s] running build_py
[4.312s] creating /home/ubunturse/robot_ws/build/lidar_reader/build
[4.312s] creating /home/ubunturse/robot_ws/build/lidar_reader/build/lib
[4.312s] creating /home/ubunturse/robot_ws/build/lidar_reader/build/lib/lidar_reader
[4.312s] copying lidar_reader/lidar_reader.py -> /home/ubunturse/robot_ws/build/lidar_reader/build/lib/lidar_reader
[4.312s] copying lidar_reader/__init__.py -> /home/ubunturse/robot_ws/build/lidar_reader/build/lib/lidar_reader
[4.313s] running install
[4.331s] running install_lib
[4.404s] creating /home/ubunturse/robot_ws/install/lidar_reader/lib/python3.12/site-packages/lidar_reader
[4.409s] copying /home/ubunturse/robot_ws/build/lidar_reader/build/lib/lidar_reader/lidar_reader.py -> /home/ubunturse/robot_ws/install/lidar_reader/lib/python3.12/site-packages/lidar_reader
[4.409s] copying /home/ubunturse/robot_ws/build/lidar_reader/build/lib/lidar_reader/__init__.py -> /home/ubunturse/robot_ws/install/lidar_reader/lib/python3.12/site-packages/lidar_reader
[4.410s] byte-compiling /home/ubunturse/robot_ws/install/lidar_reader/lib/python3.12/site-packages/lidar_reader/lidar_reader.py to lidar_reader.cpython-312.pyc
[4.414s] byte-compiling /home/ubunturse/robot_ws/install/lidar_reader/lib/python3.12/site-packages/lidar_reader/__init__.py to __init__.cpython-312.pyc
[4.414s] running install_data
[4.416s] creating /home/ubunturse/robot_ws/install/lidar_reader/share/ament_index
[4.418s] creating /home/ubunturse/robot_ws/install/lidar_reader/share/ament_index/resource_index
[4.419s] creating /home/ubunturse/robot_ws/install/lidar_reader/share/ament_index/resource_index/packages
[4.419s] copying resource/lidar_reader -> /home/ubunturse/robot_ws/install/lidar_reader/share/ament_index/resource_index/packages
[4.419s] copying package.xml -> /home/ubunturse/robot_ws/install/lidar_reader/share/lidar_reader
[4.419s] running install_egg_info
[4.474s] Copying ../../build/lidar_reader/lidar_reader.egg-info to /home/ubunturse/robot_ws/install/lidar_reader/lib/python3.12/site-packages/lidar_reader-0.0.0-py3.12.egg-info
[4.477s] running install_scripts
[4.702s] writing list of installed files to '/home/ubunturse/robot_ws/build/lidar_reader/install.log'
[4.800s] Invoked command in '/home/ubunturse/robot_ws/src/lidar_reader' returned '0': DEBUGINFOD_URLS=https://debuginfod.ubuntu.com PYTHONPATH=/home/ubunturse/robot_ws/build/lidar_reader/prefix_override:/usr/lib/python3/dist-packages/colcon_core/task/python/colcon_distutils_commands:/home/ubunturse/robot_ws/install/lidar_reader/lib/python3.12/site-packages:${PYTHONPATH} /usr/bin/python3 -W ignore:setup.py install is deprecated -W ignore:easy_install command is deprecated setup.py egg_info --egg-base ../../build/lidar_reader build --build-base /home/ubunturse/robot_ws/build/lidar_reader/build install --record /home/ubunturse/robot_ws/build/lidar_reader/install.log --single-version-externally-managed install_data
