[1.630s] Invoking command in '/home/ubunturse/robot_ws/src/lidar_reader': DEBUGINFOD_URLS=https://debuginfod.ubuntu.com PYTHONPATH=/home/ubunturse/robot_ws/build/lidar_reader/prefix_override:/usr/lib/python3/dist-packages/colcon_core/task/python/colcon_distutils_commands:/home/ubunturse/robot_ws/install/lidar_reader/lib/python3.12/site-packages:${PYTHONPATH} /usr/bin/python3 -W ignore:setup.py install is deprecated -W ignore:easy_install command is deprecated setup.py egg_info --egg-base ../../build/lidar_reader build --build-base /home/ubunturse/robot_ws/build/lidar_reader/build install --record /home/ubunturse/robot_ws/build/lidar_reader/install.log --single-version-externally-managed install_data
[2.118s] running egg_info
[2.160s] writing ../../build/lidar_reader/lidar_reader.egg-info/PKG-INFO
[2.160s] writing dependency_links to ../../build/lidar_reader/lidar_reader.egg-info/dependency_links.txt
[2.160s] writing entry points to ../../build/lidar_reader/lidar_reader.egg-info/entry_points.txt
[2.160s] writing requirements to ../../build/lidar_reader/lidar_reader.egg-info/requires.txt
[2.160s] writing top-level names to ../../build/lidar_reader/lidar_reader.egg-info/top_level.txt
[2.245s] reading manifest file '../../build/lidar_reader/lidar_reader.egg-info/SOURCES.txt'
[2.254s] writing manifest file '../../build/lidar_reader/lidar_reader.egg-info/SOURCES.txt'
[2.256s] running build
[2.257s] running build_py
[2.259s] running install
[2.268s] running install_lib
[2.328s] running install_data
[2.328s] running install_egg_info
[2.361s] removing '/home/ubunturse/robot_ws/install/lidar_reader/lib/python3.12/site-packages/lidar_reader-0.0.0-py3.12.egg-info' (and everything under it)
[2.362s] Copying ../../build/lidar_reader/lidar_reader.egg-info to /home/ubunturse/robot_ws/install/lidar_reader/lib/python3.12/site-packages/lidar_reader-0.0.0-py3.12.egg-info
[2.364s] running install_scripts
[2.629s] Installing lidar_reader script to /home/ubunturse/robot_ws/install/lidar_reader/lib/lidar_reader
[2.630s] writing list of installed files to '/home/ubunturse/robot_ws/build/lidar_reader/install.log'
[2.722s] Invoked command in '/home/ubunturse/robot_ws/src/lidar_reader' returned '0': DEBUGINFOD_URLS=https://debuginfod.ubuntu.com PYTHONPATH=/home/ubunturse/robot_ws/build/lidar_reader/prefix_override:/usr/lib/python3/dist-packages/colcon_core/task/python/colcon_distutils_commands:/home/ubunturse/robot_ws/install/lidar_reader/lib/python3.12/site-packages:${PYTHONPATH} /usr/bin/python3 -W ignore:setup.py install is deprecated -W ignore:easy_install command is deprecated setup.py egg_info --egg-base ../../build/lidar_reader build --build-base /home/ubunturse/robot_ws/build/lidar_reader/build install --record /home/ubunturse/robot_ws/build/lidar_reader/install.log --single-version-externally-managed install_data
