[0.435s] DEBUG:colcon:Command line arguments: ['/usr/bin/colcon', 'build']
[0.436s] DEBUG:colcon:Parsed command line arguments: Namespace(log_base=None, log_level=None, verb_name='build', build_base='build', install_base='install', merge_install=False, symlink_install=False, test_result_base=None, continue_on_error=False, executor='parallel', parallel_workers=2, event_handlers=None, ignore_user_meta=False, metas=['./colcon.meta'], base_paths=['.'], packages_ignore=None, packages_ignore_regex=None, paths=None, packages_up_to=None, packages_up_to_regex=None, packages_above=None, packages_above_and_dependencies=None, packages_above_depth=None, packages_select_by_dep=None, packages_skip_by_dep=None, packages_skip_up_to=None, packages_select_build_failed=False, packages_skip_build_finished=False, packages_select_test_failures=False, packages_skip_test_passed=False, packages_select=None, packages_skip=None, packages_select_regex=None, packages_skip_regex=None, packages_start=None, packages_end=None, allow_overriding=[], cmake_args=None, cmake_target=None, cmake_target_skip_unavailable=False, cmake_clean_cache=False, cmake_clean_first=False, cmake_force_configure=False, ament_cmake_args=None, catkin_cmake_args=None, catkin_skip_building_tests=False, verb_parser=<colcon_defaults.argument_parser.defaults.DefaultArgumentsDecorator object at 0x7b980cd82b70>, verb_extension=<colcon_core.verb.build.BuildVerb object at 0x7b980cd82a20>, main=<bound method BuildVerb.main of <colcon_core.verb.build.BuildVerb object at 0x7b980cd82a20>>)
[0.621s] Level 1:colcon.colcon_core.package_discovery:discover_packages(colcon_meta) check parameters
[0.621s] Level 1:colcon.colcon_core.package_discovery:discover_packages(recursive) check parameters
[0.621s] Level 1:colcon.colcon_core.package_discovery:discover_packages(ignore) check parameters
[0.621s] Level 1:colcon.colcon_core.package_discovery:discover_packages(path) check parameters
[0.621s] Level 1:colcon.colcon_core.package_discovery:discover_packages(colcon_meta) discover
[0.621s] Level 1:colcon.colcon_core.package_discovery:discover_packages(recursive) discover
[0.622s] INFO:colcon.colcon_core.package_discovery:Crawling recursively for packages in '/home/ubunturse/robot_ws'
[0.622s] Level 1:colcon.colcon_core.package_identification:_identify(.) by extensions ['ignore', 'ignore_ament_install']
[0.622s] Level 1:colcon.colcon_core.package_identification:_identify(.) by extension 'ignore'
[0.622s] Level 1:colcon.colcon_core.package_identification:_identify(.) by extension 'ignore_ament_install'
[0.622s] Level 1:colcon.colcon_core.package_identification:_identify(.) by extensions ['colcon_pkg']
[0.622s] Level 1:colcon.colcon_core.package_identification:_identify(.) by extension 'colcon_pkg'
[0.622s] Level 1:colcon.colcon_core.package_identification:_identify(.) by extensions ['colcon_meta']
[0.622s] Level 1:colcon.colcon_core.package_identification:_identify(.) by extension 'colcon_meta'
[0.622s] Level 1:colcon.colcon_core.package_identification:_identify(.) by extensions ['ros']
[0.622s] Level 1:colcon.colcon_core.package_identification:_identify(.) by extension 'ros'
[0.681s] Level 1:colcon.colcon_core.package_identification:_identify(.) by extensions ['cmake', 'python']
[0.681s] Level 1:colcon.colcon_core.package_identification:_identify(.) by extension 'cmake'
[0.681s] Level 1:colcon.colcon_core.package_identification:_identify(.) by extension 'python'
[0.681s] Level 1:colcon.colcon_core.package_identification:_identify(.) by extensions ['python_setup_py']
[0.681s] Level 1:colcon.colcon_core.package_identification:_identify(.) by extension 'python_setup_py'
[0.681s] Level 1:colcon.colcon_core.package_identification:_identify(build) by extensions ['ignore', 'ignore_ament_install']
[0.681s] Level 1:colcon.colcon_core.package_identification:_identify(build) by extension 'ignore'
[0.681s] Level 1:colcon.colcon_core.package_identification:_identify(build) ignored
[0.682s] Level 1:colcon.colcon_core.package_identification:_identify(install) by extensions ['ignore', 'ignore_ament_install']
[0.682s] Level 1:colcon.colcon_core.package_identification:_identify(install) by extension 'ignore'
[0.682s] Level 1:colcon.colcon_core.package_identification:_identify(install) ignored
[0.682s] Level 1:colcon.colcon_core.package_identification:_identify(log) by extensions ['ignore', 'ignore_ament_install']
[0.682s] Level 1:colcon.colcon_core.package_identification:_identify(log) by extension 'ignore'
[0.682s] Level 1:colcon.colcon_core.package_identification:_identify(log) ignored
[0.683s] Level 1:colcon.colcon_core.package_identification:_identify(src) by extensions ['ignore', 'ignore_ament_install']
[0.683s] Level 1:colcon.colcon_core.package_identification:_identify(src) by extension 'ignore'
[0.683s] Level 1:colcon.colcon_core.package_identification:_identify(src) by extension 'ignore_ament_install'
[0.683s] Level 1:colcon.colcon_core.package_identification:_identify(src) by extensions ['colcon_pkg']
[0.683s] Level 1:colcon.colcon_core.package_identification:_identify(src) by extension 'colcon_pkg'
[0.683s] Level 1:colcon.colcon_core.package_identification:_identify(src) by extensions ['colcon_meta']
[0.683s] Level 1:colcon.colcon_core.package_identification:_identify(src) by extension 'colcon_meta'
[0.683s] Level 1:colcon.colcon_core.package_identification:_identify(src) by extensions ['ros']
[0.683s] Level 1:colcon.colcon_core.package_identification:_identify(src) by extension 'ros'
[0.684s] Level 1:colcon.colcon_core.package_identification:_identify(src) by extensions ['cmake', 'python']
[0.684s] Level 1:colcon.colcon_core.package_identification:_identify(src) by extension 'cmake'
[0.684s] Level 1:colcon.colcon_core.package_identification:_identify(src) by extension 'python'
[0.684s] Level 1:colcon.colcon_core.package_identification:_identify(src) by extensions ['python_setup_py']
[0.684s] Level 1:colcon.colcon_core.package_identification:_identify(src) by extension 'python_setup_py'
[0.684s] Level 1:colcon.colcon_core.package_identification:_identify(src/lidar_reader) by extensions ['ignore', 'ignore_ament_install']
[0.684s] Level 1:colcon.colcon_core.package_identification:_identify(src/lidar_reader) by extension 'ignore'
[0.684s] Level 1:colcon.colcon_core.package_identification:_identify(src/lidar_reader) by extension 'ignore_ament_install'
[0.684s] Level 1:colcon.colcon_core.package_identification:_identify(src/lidar_reader) by extensions ['colcon_pkg']
[0.684s] Level 1:colcon.colcon_core.package_identification:_identify(src/lidar_reader) by extension 'colcon_pkg'
[0.684s] Level 1:colcon.colcon_core.package_identification:_identify(src/lidar_reader) by extensions ['colcon_meta']
[0.684s] Level 1:colcon.colcon_core.package_identification:_identify(src/lidar_reader) by extension 'colcon_meta'
[0.684s] Level 1:colcon.colcon_core.package_identification:_identify(src/lidar_reader) by extensions ['ros']
[0.684s] Level 1:colcon.colcon_core.package_identification:_identify(src/lidar_reader) by extension 'ros'
[0.690s] DEBUG:colcon.colcon_core.package_identification:Package 'src/lidar_reader' with type 'ros.ament_python' and name 'lidar_reader'
[0.690s] Level 1:colcon.colcon_core.package_discovery:discover_packages(recursive) using defaults
[0.690s] Level 1:colcon.colcon_core.package_discovery:discover_packages(ignore) discover
[0.690s] Level 1:colcon.colcon_core.package_discovery:discover_packages(ignore) using defaults
[0.690s] Level 1:colcon.colcon_core.package_discovery:discover_packages(path) discover
[0.690s] Level 1:colcon.colcon_core.package_discovery:discover_packages(path) using defaults
[0.742s] Level 1:colcon.colcon_core.package_discovery:discover_packages(prefix_path) check parameters
[0.742s] Level 1:colcon.colcon_core.package_discovery:discover_packages(prefix_path) discover
[0.748s] DEBUG:colcon.colcon_installed_package_information.package_discovery:Found 488 installed packages in /opt/ros/jazzy
[0.749s] Level 1:colcon.colcon_core.package_discovery:discover_packages(prefix_path) using defaults
[0.909s] Level 5:colcon.colcon_core.verb:set package 'lidar_reader' build argument 'cmake_args' from command line to 'None'
[0.909s] Level 5:colcon.colcon_core.verb:set package 'lidar_reader' build argument 'cmake_target' from command line to 'None'
[0.909s] Level 5:colcon.colcon_core.verb:set package 'lidar_reader' build argument 'cmake_target_skip_unavailable' from command line to 'False'
[0.909s] Level 5:colcon.colcon_core.verb:set package 'lidar_reader' build argument 'cmake_clean_cache' from command line to 'False'
[0.909s] Level 5:colcon.colcon_core.verb:set package 'lidar_reader' build argument 'cmake_clean_first' from command line to 'False'
[0.909s] Level 5:colcon.colcon_core.verb:set package 'lidar_reader' build argument 'cmake_force_configure' from command line to 'False'
[0.909s] Level 5:colcon.colcon_core.verb:set package 'lidar_reader' build argument 'ament_cmake_args' from command line to 'None'
[0.909s] Level 5:colcon.colcon_core.verb:set package 'lidar_reader' build argument 'catkin_cmake_args' from command line to 'None'
[0.909s] Level 5:colcon.colcon_core.verb:set package 'lidar_reader' build argument 'catkin_skip_building_tests' from command line to 'False'
[0.909s] DEBUG:colcon.colcon_core.verb:Building package 'lidar_reader' with the following arguments: {'ament_cmake_args': None, 'build_base': '/home/ubunturse/robot_ws/build/lidar_reader', 'catkin_cmake_args': None, 'catkin_skip_building_tests': False, 'cmake_args': None, 'cmake_clean_cache': False, 'cmake_clean_first': False, 'cmake_force_configure': False, 'cmake_target': None, 'cmake_target_skip_unavailable': False, 'install_base': '/home/ubunturse/robot_ws/install/lidar_reader', 'merge_install': False, 'path': '/home/ubunturse/robot_ws/src/lidar_reader', 'symlink_install': False, 'test_result_base': None}
[0.909s] INFO:colcon.colcon_core.executor:Executing jobs using 'parallel' executor
[0.911s] DEBUG:colcon.colcon_parallel_executor.executor.parallel:run_until_complete
[0.911s] INFO:colcon.colcon_ros.task.ament_python.build:Building ROS package in '/home/ubunturse/robot_ws/src/lidar_reader' with build type 'ament_python'
[0.911s] Level 1:colcon.colcon_core.shell:create_environment_hook('lidar_reader', 'ament_prefix_path')
[0.919s] INFO:colcon.colcon_core.plugin_system:Skipping extension 'colcon_core.shell.bat': Not used on non-Windows systems
[0.919s] INFO:colcon.colcon_core.shell:Creating environment hook '/home/ubunturse/robot_ws/install/lidar_reader/share/lidar_reader/hook/ament_prefix_path.ps1'
[0.921s] INFO:colcon.colcon_core.shell:Creating environment descriptor '/home/ubunturse/robot_ws/install/lidar_reader/share/lidar_reader/hook/ament_prefix_path.dsv'
[0.924s] INFO:colcon.colcon_core.shell:Creating environment hook '/home/ubunturse/robot_ws/install/lidar_reader/share/lidar_reader/hook/ament_prefix_path.sh'
[0.926s] INFO:colcon.colcon_core.shell:Skip shell extension 'powershell' for command environment: Not usable outside of PowerShell
[0.927s] DEBUG:colcon.colcon_core.shell:Skip shell extension 'dsv' for command environment
[1.468s] INFO:colcon.colcon_core.task.python.build:Building Python package in '/home/ubunturse/robot_ws/src/lidar_reader'
[1.468s] INFO:colcon.colcon_core.shell:Skip shell extension 'powershell' for command environment: Not usable outside of PowerShell
[1.468s] DEBUG:colcon.colcon_core.shell:Skip shell extension 'dsv' for command environment
[4.492s] DEBUG:colcon.colcon_core.event_handler.log_command:Invoking command in '/home/ubunturse/robot_ws/src/lidar_reader': DEBUGINFOD_URLS=https://debuginfod.ubuntu.com PYTHONPATH=/home/ubunturse/robot_ws/build/lidar_reader/prefix_override:/usr/lib/python3/dist-packages/colcon_core/task/python/colcon_distutils_commands:/home/ubunturse/robot_ws/install/lidar_reader/lib/python3.12/site-packages:${PYTHONPATH} /usr/bin/python3 -W ignore:setup.py install is deprecated -W ignore:easy_install command is deprecated setup.py egg_info --egg-base ../../build/lidar_reader build --build-base /home/ubunturse/robot_ws/build/lidar_reader/build install --record /home/ubunturse/robot_ws/build/lidar_reader/install.log --single-version-externally-managed install_data
[5.713s] DEBUG:colcon.colcon_core.event_handler.log_command:Invoked command in '/home/ubunturse/robot_ws/src/lidar_reader' returned '0': DEBUGINFOD_URLS=https://debuginfod.ubuntu.com PYTHONPATH=/home/ubunturse/robot_ws/build/lidar_reader/prefix_override:/usr/lib/python3/dist-packages/colcon_core/task/python/colcon_distutils_commands:/home/ubunturse/robot_ws/install/lidar_reader/lib/python3.12/site-packages:${PYTHONPATH} /usr/bin/python3 -W ignore:setup.py install is deprecated -W ignore:easy_install command is deprecated setup.py egg_info --egg-base ../../build/lidar_reader build --build-base /home/ubunturse/robot_ws/build/lidar_reader/build install --record /home/ubunturse/robot_ws/build/lidar_reader/install.log --single-version-externally-managed install_data
[5.738s] Level 1:colcon.colcon_core.environment:checking '/home/ubunturse/robot_ws/install/lidar_reader' for CMake module files
[5.738s] Level 1:colcon.colcon_core.environment:checking '/home/ubunturse/robot_ws/install/lidar_reader' for CMake config files
[5.741s] Level 1:colcon.colcon_core.environment:checking '/home/ubunturse/robot_ws/install/lidar_reader/lib'
[5.742s] Level 1:colcon.colcon_core.environment:checking '/home/ubunturse/robot_ws/install/lidar_reader/bin'
[5.742s] Level 1:colcon.colcon_core.environment:checking '/home/ubunturse/robot_ws/install/lidar_reader/lib/pkgconfig/lidar_reader.pc'
[5.742s] Level 1:colcon.colcon_core.environment:checking '/home/ubunturse/robot_ws/install/lidar_reader/lib/python3.12/site-packages'
[5.742s] Level 1:colcon.colcon_core.shell:create_environment_hook('lidar_reader', 'pythonpath')
[5.742s] INFO:colcon.colcon_core.shell:Creating environment hook '/home/ubunturse/robot_ws/install/lidar_reader/share/lidar_reader/hook/pythonpath.ps1'
[5.742s] INFO:colcon.colcon_core.shell:Creating environment descriptor '/home/ubunturse/robot_ws/install/lidar_reader/share/lidar_reader/hook/pythonpath.dsv'
[5.743s] INFO:colcon.colcon_core.shell:Creating environment hook '/home/ubunturse/robot_ws/install/lidar_reader/share/lidar_reader/hook/pythonpath.sh'
[5.744s] Level 1:colcon.colcon_core.environment:checking '/home/ubunturse/robot_ws/install/lidar_reader/bin'
[5.744s] Level 1:colcon.colcon_core.environment:create_environment_scripts_only(lidar_reader)
[5.744s] INFO:colcon.colcon_core.shell:Creating package script '/home/ubunturse/robot_ws/install/lidar_reader/share/lidar_reader/package.ps1'
[5.747s] INFO:colcon.colcon_core.shell:Creating package descriptor '/home/ubunturse/robot_ws/install/lidar_reader/share/lidar_reader/package.dsv'
[5.747s] INFO:colcon.colcon_core.shell:Creating package script '/home/ubunturse/robot_ws/install/lidar_reader/share/lidar_reader/package.sh'
[5.749s] INFO:colcon.colcon_core.shell:Creating package script '/home/ubunturse/robot_ws/install/lidar_reader/share/lidar_reader/package.bash'
[5.750s] INFO:colcon.colcon_core.shell:Creating package script '/home/ubunturse/robot_ws/install/lidar_reader/share/lidar_reader/package.zsh'
[5.752s] Level 1:colcon.colcon_core.environment:create_file_with_runtime_dependencies(/home/ubunturse/robot_ws/install/lidar_reader/share/colcon-core/packages/lidar_reader)
[5.752s] DEBUG:colcon.colcon_parallel_executor.executor.parallel:closing loop
[5.753s] DEBUG:colcon.colcon_parallel_executor.executor.parallel:loop closed
[5.753s] DEBUG:colcon.colcon_parallel_executor.executor.parallel:run_until_complete finished with '0'
[5.753s] DEBUG:colcon.colcon_core.event_reactor:joining thread
[5.766s] INFO:colcon.colcon_core.plugin_system:Skipping extension 'colcon_notification.desktop_notification.terminal_notifier': Not used on non-Darwin systems
[5.766s] INFO:colcon.colcon_core.plugin_system:Skipping extension 'colcon_notification.desktop_notification.win32': Not used on non-Windows systems
[5.766s] INFO:colcon.colcon_notification.desktop_notification:Sending desktop notification using 'notify2'
[5.825s] DEBUG:colcon.colcon_core.event_reactor:joined thread
[5.825s] INFO:colcon.colcon_core.shell:Creating prefix script '/home/ubunturse/robot_ws/install/local_setup.ps1'
[5.829s] INFO:colcon.colcon_core.shell:Creating prefix util module '/home/ubunturse/robot_ws/install/_local_setup_util_ps1.py'
[5.837s] INFO:colcon.colcon_core.shell:Creating prefix chain script '/home/ubunturse/robot_ws/install/setup.ps1'
[5.842s] INFO:colcon.colcon_core.shell:Creating prefix script '/home/ubunturse/robot_ws/install/local_setup.sh'
[5.843s] INFO:colcon.colcon_core.shell:Creating prefix util module '/home/ubunturse/robot_ws/install/_local_setup_util_sh.py'
[5.845s] INFO:colcon.colcon_core.shell:Creating prefix chain script '/home/ubunturse/robot_ws/install/setup.sh'
[5.848s] INFO:colcon.colcon_core.shell:Creating prefix script '/home/ubunturse/robot_ws/install/local_setup.bash'
[5.850s] INFO:colcon.colcon_core.shell:Creating prefix chain script '/home/ubunturse/robot_ws/install/setup.bash'
[5.852s] INFO:colcon.colcon_core.shell:Creating prefix script '/home/ubunturse/robot_ws/install/local_setup.zsh'
[5.854s] INFO:colcon.colcon_core.shell:Creating prefix chain script '/home/ubunturse/robot_ws/install/setup.zsh'
